c:\users\harrison\desktop\compproject\project_template\x64\debug\vc143.pdb
c:\users\harrison\desktop\compproject\project_template\x64\debug\vc143.idb
c:\users\harrison\desktop\compproject\project_template\x64\debug\scenehud.obj
c:\users\harrison\desktop\compproject\project_template\x64\debug\scenemainmenu.obj
c:\users\harrison\desktop\compproject\project_template\x64\debug\scenetether.obj
c:\users\harrison\desktop\compproject\project_template\x64\debug\sceneparticles.obj
c:\users\harrison\desktop\compproject\project_template\x64\debug\sceneship.obj
c:\users\harrison\desktop\compproject\project_template\x64\debug\sceneworld.obj
c:\users\harrison\desktop\compproject\project_template\x64\debug\scenemeshes.obj
c:\users\harrison\desktop\compproject\project_template\x64\debug\scenebasic_uniform.obj
c:\users\harrison\desktop\compproject\project_template\x64\debug\main.obj
c:\users\harrison\desktop\compproject\project_template\x64\debug\lensingdebug.obj
c:\users\harrison\desktop\compproject\project_template\x64\debug\glutils.obj
c:\users\harrison\desktop\compproject\project_template\x64\debug\glslprogram.obj
c:\users\harrison\desktop\compproject\project_template\x64\debug\camera.obj
c:\users\harrison\desktop\compproject\project_template\x64\debug\glad.obj
c:\users\harrison\desktop\compproject\x64\debug\project_template.exe
c:\users\harrison\desktop\compproject\x64\debug\project_template.pdb
c:\users\harrison\desktop\compproject\project_template\x64\debug\project_template.ilk
c:\users\harrison\desktop\compproject\project_template\x64\debug\project_template.tlog\cl.command.1.tlog
c:\users\harrison\desktop\compproject\project_template\x64\debug\project_template.tlog\cl.items.tlog
c:\users\harrison\desktop\compproject\project_template\x64\debug\project_template.tlog\cl.read.1.tlog
c:\users\harrison\desktop\compproject\project_template\x64\debug\project_template.tlog\cl.write.1.tlog
c:\users\harrison\desktop\compproject\project_template\x64\debug\project_template.tlog\link.command.1.tlog
c:\users\harrison\desktop\compproject\project_template\x64\debug\project_template.tlog\link.read.1.tlog
c:\users\harrison\desktop\compproject\project_template\x64\debug\project_template.tlog\link.secondary.1.tlog
c:\users\harrison\desktop\compproject\project_template\x64\debug\project_template.tlog\link.write.1.tlog
